
> parser2@1.0.0 dev
> tsc && node --experimental-specifier-resolution=node dist/index || exit 1

src/TableWorker.ts(11,28): error TS2307: Cannot find module './rabbitmq' or its corresponding type declarations.
npm ERR! Lifecycle script `dev` failed with error: 
npm ERR! Error: command failed 
npm ERR!   in workspace: parser2@1.0.0 
npm ERR!   at location: /workspace/apps/parser2 
